{
  "stats": {
    "suites": 10,
    "tests": 12,
    "passes": 12,
    "pending": 0,
    "failures": 0,
    "start": "2023-02-25T07:23:29.408Z",
    "end": "2023-02-25T07:23:39.252Z",
    "duration": 9844,
    "testsRegistered": 12,
    "passPercent": 100,
    "pendingPercent": 0,
    "other": 0,
    "hasOther": false,
    "skipped": 0,
    "hasSkipped": false
  },
  "results": [
    {
      "uuid": "b751a7c9-fb2f-48db-97b2-e91f4bb19a31",
      "title": "",
      "fullFile": "cypress/integration/2-advanced-examples/cypress_api.spec.js",
      "file": "cypress/integration/2-advanced-examples/cypress_api.spec.js",
      "beforeHooks": [],
      "afterHooks": [],
      "tests": [],
      "suites": [
        {
          "uuid": "ff01771b-a3d3-44cb-b4e3-a4d29fcfa06b",
          "title": "Cypress.Commands",
          "fullFile": "",
          "file": "",
          "beforeHooks": [],
          "afterHooks": [],
          "tests": [
            {
              "title": ".add() - create a custom command",
              "fullTitle": "Cypress.Commands .add() - create a custom command",
              "timedOut": null,
              "duration": 1536,
              "state": "passed",
              "speed": "fast",
              "pass": true,
              "fail": false,
              "pending": false,
              "context": null,
              "code": "Cypress.Commands.add('console', {\n  prevSubject: true\n}, (subject, method) => {\n  // the previous subject is automatically received\n  // and the commands arguments are shifted\n  // allow us to change the console method used\n  method = method || 'log'; // log the subject to the console\n  console[method]('The subject is', subject); // whatever we return becomes the new subject\n  // we don't want to change the subject so\n  // we return whatever was passed in\n  return subject;\n});\ncy.get('button').console('info').then($button => {// subject is still $button\n});",
              "err": {},
              "uuid": "978a4281-96e5-46bf-b860-9af70dafc408",
              "parentUUID": "ff01771b-a3d3-44cb-b4e3-a4d29fcfa06b",
              "isHook": false,
              "skipped": false
            }
          ],
          "suites": [],
          "passes": [
            "978a4281-96e5-46bf-b860-9af70dafc408"
          ],
          "failures": [],
          "pending": [],
          "skipped": [],
          "duration": 1536,
          "root": false,
          "rootEmpty": false,
          "_timeout": 2000
        },
        {
          "uuid": "8e662a2e-3b1b-47d5-9947-273db20e87fe",
          "title": "Cypress.Cookies",
          "fullFile": "",
          "file": "",
          "beforeHooks": [],
          "afterHooks": [],
          "tests": [
            {
              "title": ".debug() - enable or disable debugging",
              "fullTitle": "Cypress.Cookies .debug() - enable or disable debugging",
              "timedOut": null,
              "duration": 520,
              "state": "passed",
              "speed": "fast",
              "pass": true,
              "fail": false,
              "pending": false,
              "context": null,
              "code": "Cypress.Cookies.debug(true); // Cypress will now log in the console when\n// cookies are set or cleared\ncy.setCookie('fakeCookie', '123ABC');\ncy.clearCookie('fakeCookie');\ncy.setCookie('fakeCookie', '123ABC');\ncy.clearCookie('fakeCookie');\ncy.setCookie('fakeCookie', '123ABC');",
              "err": {},
              "uuid": "b7682f06-4ad9-4e6b-bdcc-75606c5d9589",
              "parentUUID": "8e662a2e-3b1b-47d5-9947-273db20e87fe",
              "isHook": false,
              "skipped": false
            },
            {
              "title": ".preserveOnce() - preserve cookies by key",
              "fullTitle": "Cypress.Cookies .preserveOnce() - preserve cookies by key",
              "timedOut": null,
              "duration": 480,
              "state": "passed",
              "speed": "fast",
              "pass": true,
              "fail": false,
              "pending": false,
              "context": null,
              "code": "// normally cookies are reset after each test\ncy.getCookie('fakeCookie').should('not.be.ok'); // preserving a cookie will not clear it when\n// the next test starts\ncy.setCookie('lastCookie', '789XYZ');\nCypress.Cookies.preserveOnce('lastCookie');",
              "err": {},
              "uuid": "14e49666-11a7-42af-a0b6-8b47766c9e59",
              "parentUUID": "8e662a2e-3b1b-47d5-9947-273db20e87fe",
              "isHook": false,
              "skipped": false
            },
            {
              "title": ".defaults() - set defaults for all cookies",
              "fullTitle": "Cypress.Cookies .defaults() - set defaults for all cookies",
              "timedOut": null,
              "duration": 387,
              "state": "passed",
              "speed": "fast",
              "pass": true,
              "fail": false,
              "pending": false,
              "context": null,
              "code": "// now any cookie with the name 'session_id' will\n// not be cleared before each new test runs\nCypress.Cookies.defaults({\n  preserve: 'session_id'\n});",
              "err": {},
              "uuid": "167c5ffa-ee87-49fe-992a-284a3da45efd",
              "parentUUID": "8e662a2e-3b1b-47d5-9947-273db20e87fe",
              "isHook": false,
              "skipped": false
            }
          ],
          "suites": [],
          "passes": [
            "b7682f06-4ad9-4e6b-bdcc-75606c5d9589",
            "14e49666-11a7-42af-a0b6-8b47766c9e59",
            "167c5ffa-ee87-49fe-992a-284a3da45efd"
          ],
          "failures": [],
          "pending": [],
          "skipped": [],
          "duration": 1387,
          "root": false,
          "rootEmpty": false,
          "_timeout": 2000
        },
        {
          "uuid": "301f4332-4380-4590-b339-4a5506316e31",
          "title": "Cypress.arch",
          "fullFile": "",
          "file": "",
          "beforeHooks": [],
          "afterHooks": [],
          "tests": [
            {
              "title": "Get CPU architecture name of underlying OS",
              "fullTitle": "Cypress.arch Get CPU architecture name of underlying OS",
              "timedOut": null,
              "duration": 404,
              "state": "passed",
              "speed": "fast",
              "pass": true,
              "fail": false,
              "pending": false,
              "context": null,
              "code": "// https://on.cypress.io/arch\nexpect(Cypress.arch).to.exist;",
              "err": {},
              "uuid": "7ba306bf-072d-4b7c-8aeb-e041c8db1312",
              "parentUUID": "301f4332-4380-4590-b339-4a5506316e31",
              "isHook": false,
              "skipped": false
            }
          ],
          "suites": [],
          "passes": [
            "7ba306bf-072d-4b7c-8aeb-e041c8db1312"
          ],
          "failures": [],
          "pending": [],
          "skipped": [],
          "duration": 404,
          "root": false,
          "rootEmpty": false,
          "_timeout": 2000
        },
        {
          "uuid": "26112b42-118c-4963-a49f-70c8e903a7ab",
          "title": "Cypress.config()",
          "fullFile": "",
          "file": "",
          "beforeHooks": [],
          "afterHooks": [],
          "tests": [
            {
              "title": "Get and set configuration options",
              "fullTitle": "Cypress.config() Get and set configuration options",
              "timedOut": null,
              "duration": 515,
              "state": "passed",
              "speed": "fast",
              "pass": true,
              "fail": false,
              "pending": false,
              "context": null,
              "code": "// https://on.cypress.io/config\nlet myConfig = Cypress.config();\nexpect(myConfig).to.have.property('animationDistanceThreshold', 5);\nexpect(myConfig).to.have.property('baseUrl', null);\nexpect(myConfig).to.have.property('defaultCommandTimeout', 4000);\nexpect(myConfig).to.have.property('requestTimeout', 5000);\nexpect(myConfig).to.have.property('responseTimeout', 30000);\nexpect(myConfig).to.have.property('viewportHeight', 660);\nexpect(myConfig).to.have.property('viewportWidth', 1000);\nexpect(myConfig).to.have.property('pageLoadTimeout', 60000);\nexpect(myConfig).to.have.property('waitForAnimations', true);\nexpect(Cypress.config('pageLoadTimeout')).to.eq(60000); // this will change the config for the rest of your tests!\nCypress.config('pageLoadTimeout', 20000);\nexpect(Cypress.config('pageLoadTimeout')).to.eq(20000);\nCypress.config('pageLoadTimeout', 60000);",
              "err": {},
              "uuid": "bddcd81e-23f4-4f38-9c6a-b3b05ff1e521",
              "parentUUID": "26112b42-118c-4963-a49f-70c8e903a7ab",
              "isHook": false,
              "skipped": false
            }
          ],
          "suites": [],
          "passes": [
            "bddcd81e-23f4-4f38-9c6a-b3b05ff1e521"
          ],
          "failures": [],
          "pending": [],
          "skipped": [],
          "duration": 515,
          "root": false,
          "rootEmpty": false,
          "_timeout": 2000
        },
        {
          "uuid": "0b7ce690-eb12-403c-b6b1-d56117b9d7b6",
          "title": "Cypress.dom",
          "fullFile": "",
          "file": "",
          "beforeHooks": [],
          "afterHooks": [],
          "tests": [
            {
              "title": ".isHidden() - determine if a DOM element is hidden",
              "fullTitle": "Cypress.dom .isHidden() - determine if a DOM element is hidden",
              "timedOut": null,
              "duration": 486,
              "state": "passed",
              "speed": "fast",
              "pass": true,
              "fail": false,
              "pending": false,
              "context": null,
              "code": "let hiddenP = Cypress.$('.dom-p p.hidden').get(0);\nlet visibleP = Cypress.$('.dom-p p.visible').get(0); // our first paragraph has css class 'hidden'\nexpect(Cypress.dom.isHidden(hiddenP)).to.be.true;\nexpect(Cypress.dom.isHidden(visibleP)).to.be.false;",
              "err": {},
              "uuid": "4a5dc9c1-c3d7-4577-890b-9244d2aefa5e",
              "parentUUID": "0b7ce690-eb12-403c-b6b1-d56117b9d7b6",
              "isHook": false,
              "skipped": false
            }
          ],
          "suites": [],
          "passes": [
            "4a5dc9c1-c3d7-4577-890b-9244d2aefa5e"
          ],
          "failures": [],
          "pending": [],
          "skipped": [],
          "duration": 486,
          "root": false,
          "rootEmpty": false,
          "_timeout": 2000
        },
        {
          "uuid": "ca4b1000-3fd7-4ff4-8541-2a58f48b0f86",
          "title": "Cypress.env()",
          "fullFile": "",
          "file": "",
          "beforeHooks": [],
          "afterHooks": [],
          "tests": [
            {
              "title": "Get environment variables",
              "fullTitle": "Cypress.env() Get environment variables",
              "timedOut": null,
              "duration": 490,
              "state": "passed",
              "speed": "fast",
              "pass": true,
              "fail": false,
              "pending": false,
              "context": null,
              "code": "// https://on.cypress.io/env\n// set multiple environment variables\nCypress.env({\n  host: 'veronica.dev.local',\n  api_server: 'http://localhost:8888/v1/'\n}); // get environment variable\nexpect(Cypress.env('host')).to.eq('veronica.dev.local'); // set environment variable\nCypress.env('api_server', 'http://localhost:8888/v2/');\nexpect(Cypress.env('api_server')).to.eq('http://localhost:8888/v2/'); // get all environment variable\nexpect(Cypress.env()).to.have.property('host', 'veronica.dev.local');\nexpect(Cypress.env()).to.have.property('api_server', 'http://localhost:8888/v2/');",
              "err": {},
              "uuid": "b812f722-021d-479a-bf26-ea5bc47f9ddf",
              "parentUUID": "ca4b1000-3fd7-4ff4-8541-2a58f48b0f86",
              "isHook": false,
              "skipped": false
            }
          ],
          "suites": [],
          "passes": [
            "b812f722-021d-479a-bf26-ea5bc47f9ddf"
          ],
          "failures": [],
          "pending": [],
          "skipped": [],
          "duration": 490,
          "root": false,
          "rootEmpty": false,
          "_timeout": 2000
        },
        {
          "uuid": "2dbc693f-c4b0-40e0-8c26-2afb3ee373b6",
          "title": "Cypress.log",
          "fullFile": "",
          "file": "",
          "beforeHooks": [],
          "afterHooks": [],
          "tests": [
            {
              "title": "Control what is printed to the Command Log",
              "fullTitle": "Cypress.log Control what is printed to the Command Log",
              "timedOut": null,
              "duration": 759,
              "state": "passed",
              "speed": "fast",
              "pass": true,
              "fail": false,
              "pending": false,
              "context": null,
              "code": "// https://on.cypress.io/cypress-log",
              "err": {},
              "uuid": "cd54259d-f39c-4001-b1c4-35145038ba19",
              "parentUUID": "2dbc693f-c4b0-40e0-8c26-2afb3ee373b6",
              "isHook": false,
              "skipped": false
            }
          ],
          "suites": [],
          "passes": [
            "cd54259d-f39c-4001-b1c4-35145038ba19"
          ],
          "failures": [],
          "pending": [],
          "skipped": [],
          "duration": 759,
          "root": false,
          "rootEmpty": false,
          "_timeout": 2000
        },
        {
          "uuid": "3a5783af-7f1a-4922-bdb7-f6bcaf1ecdf7",
          "title": "Cypress.platform",
          "fullFile": "",
          "file": "",
          "beforeHooks": [],
          "afterHooks": [],
          "tests": [
            {
              "title": "Get underlying OS name",
              "fullTitle": "Cypress.platform Get underlying OS name",
              "timedOut": null,
              "duration": 424,
              "state": "passed",
              "speed": "fast",
              "pass": true,
              "fail": false,
              "pending": false,
              "context": null,
              "code": "// https://on.cypress.io/platform\nexpect(Cypress.platform).to.be.exist;",
              "err": {},
              "uuid": "01b287af-03d4-4350-b220-e21c9d862d51",
              "parentUUID": "3a5783af-7f1a-4922-bdb7-f6bcaf1ecdf7",
              "isHook": false,
              "skipped": false
            }
          ],
          "suites": [],
          "passes": [
            "01b287af-03d4-4350-b220-e21c9d862d51"
          ],
          "failures": [],
          "pending": [],
          "skipped": [],
          "duration": 424,
          "root": false,
          "rootEmpty": false,
          "_timeout": 2000
        },
        {
          "uuid": "ace589cf-d5a7-4263-bf28-9d315c55ddfe",
          "title": "Cypress.version",
          "fullFile": "",
          "file": "",
          "beforeHooks": [],
          "afterHooks": [],
          "tests": [
            {
              "title": "Get current version of Cypress being run",
              "fullTitle": "Cypress.version Get current version of Cypress being run",
              "timedOut": null,
              "duration": 397,
              "state": "passed",
              "speed": "fast",
              "pass": true,
              "fail": false,
              "pending": false,
              "context": null,
              "code": "// https://on.cypress.io/version\nexpect(Cypress.version).to.be.exist;",
              "err": {},
              "uuid": "c36e6348-f297-4e92-9e98-5f695b7fb272",
              "parentUUID": "ace589cf-d5a7-4263-bf28-9d315c55ddfe",
              "isHook": false,
              "skipped": false
            }
          ],
          "suites": [],
          "passes": [
            "c36e6348-f297-4e92-9e98-5f695b7fb272"
          ],
          "failures": [],
          "pending": [],
          "skipped": [],
          "duration": 397,
          "root": false,
          "rootEmpty": false,
          "_timeout": 2000
        },
        {
          "uuid": "453261f7-9ad2-4d1a-af72-d9baf1c6234e",
          "title": "Cypress.spec",
          "fullFile": "",
          "file": "",
          "beforeHooks": [],
          "afterHooks": [],
          "tests": [
            {
              "title": "Get current spec information",
              "fullTitle": "Cypress.spec Get current spec information",
              "timedOut": null,
              "duration": 367,
              "state": "passed",
              "speed": "fast",
              "pass": true,
              "fail": false,
              "pending": false,
              "context": null,
              "code": "// https://on.cypress.io/spec\n// wrap the object so we can inspect it easily by clicking in the command log\ncy.wrap(Cypress.spec).should('include.keys', ['name', 'relative', 'absolute']);",
              "err": {},
              "uuid": "c091194a-ffcc-4375-bfd9-adbfc11edb6a",
              "parentUUID": "453261f7-9ad2-4d1a-af72-d9baf1c6234e",
              "isHook": false,
              "skipped": false
            }
          ],
          "suites": [],
          "passes": [
            "c091194a-ffcc-4375-bfd9-adbfc11edb6a"
          ],
          "failures": [],
          "pending": [],
          "skipped": [],
          "duration": 367,
          "root": false,
          "rootEmpty": false,
          "_timeout": 2000
        }
      ],
      "passes": [],
      "failures": [],
      "pending": [],
      "skipped": [],
      "duration": 0,
      "root": true,
      "rootEmpty": true,
      "_timeout": 2000
    }
  ],
  "meta": {
    "mocha": {
      "version": "7.0.1"
    },
    "mochawesome": {
      "options": {
        "quiet": false,
        "reportFilename": "mochawesome",
        "saveHtml": false,
        "saveJson": true,
        "consoleReporter": "spec",
        "useInlineDiffs": false,
        "code": true
      },
      "version": "7.1.3"
    },
    "marge": {
      "options": {
        "chart": true,
        "overwrite": false,
        "html": false,
        "json": true,
        "reportDir": "cypress/reports"
      },
      "version": "6.2.0"
    }
  }
}