{
  "stats": {
    "suites": 1,
    "tests": 3,
    "passes": 3,
    "pending": 0,
    "failures": 0,
    "start": "2023-02-25T15:05:11.093Z",
    "end": "2023-02-25T15:05:19.259Z",
    "duration": 8166,
    "testsRegistered": 3,
    "passPercent": 100,
    "pendingPercent": 0,
    "other": 0,
    "hasOther": false,
    "skipped": 0,
    "hasSkipped": false
  },
  "results": [
    {
      "uuid": "dab5ee08-e219-449b-8737-c10e85df420d",
      "title": "",
      "fullFile": "cypress\\e2e\\login.cy.js",
      "file": "cypress\\e2e\\login.cy.js",
      "beforeHooks": [],
      "afterHooks": [],
      "tests": [],
      "suites": [
        {
          "uuid": "5f97ed58-18da-4e87-b167-376d9ad3dcb6",
          "title": "Add Category",
          "fullFile": "",
          "file": "",
          "beforeHooks": [],
          "afterHooks": [],
          "tests": [
            {
              "title": "Test LOGIN",
              "fullTitle": "Add Category Test LOGIN",
              "timedOut": null,
              "duration": 1803,
              "state": "passed",
              "speed": "fast",
              "pass": true,
              "fail": false,
              "pending": false,
              "context": null,
              "code": "_login_pages.default.loginsucces();\n_login_pages.default.elements.assertLogin();",
              "err": {},
              "uuid": "fe7e9115-83ef-48c6-a16f-8fd55ca40637",
              "parentUUID": "5f97ed58-18da-4e87-b167-376d9ad3dcb6",
              "isHook": false,
              "skipped": false
            },
            {
              "title": "Test Sauce Demo Invalid Password",
              "fullTitle": "Add Category Test Sauce Demo Invalid Password",
              "timedOut": null,
              "duration": 1576,
              "state": "passed",
              "speed": "fast",
              "pass": true,
              "fail": false,
              "pending": false,
              "context": null,
              "code": "_login_pages.default.loginfails();\n_login_pages.default.elements.assertLoginFail();",
              "err": {},
              "uuid": "561087c0-9d56-442c-a72f-5e282a6a781c",
              "parentUUID": "5f97ed58-18da-4e87-b167-376d9ad3dcb6",
              "isHook": false,
              "skipped": false
            },
            {
              "title": "Test Sauce Demo Sauce labs product backpack",
              "fullTitle": "Add Category Test Sauce Demo Sauce labs product backpack",
              "timedOut": null,
              "duration": 2008,
              "state": "passed",
              "speed": "fast",
              "pass": true,
              "fail": false,
              "pending": false,
              "context": null,
              "code": "_login_pages.default.loginsucces();\n_login_pages.default.elements.assertLogin();\n_dashboardpages.default.sauceLabsBackpack();",
              "err": {},
              "uuid": "3d02ee7e-c60b-465b-bff9-b4fe595f525a",
              "parentUUID": "5f97ed58-18da-4e87-b167-376d9ad3dcb6",
              "isHook": false,
              "skipped": false
            }
          ],
          "suites": [],
          "passes": [
            "fe7e9115-83ef-48c6-a16f-8fd55ca40637",
            "561087c0-9d56-442c-a72f-5e282a6a781c",
            "3d02ee7e-c60b-465b-bff9-b4fe595f525a"
          ],
          "failures": [],
          "pending": [],
          "skipped": [],
          "duration": 5387,
          "root": false,
          "rootEmpty": false,
          "_timeout": 2000
        }
      ],
      "passes": [],
      "failures": [],
      "pending": [],
      "skipped": [],
      "duration": 0,
      "root": true,
      "rootEmpty": true,
      "_timeout": 2000
    }
  ],
  "meta": {
    "mocha": {
      "version": "7.0.1"
    },
    "mochawesome": {
      "options": {
        "quiet": false,
        "reportFilename": "mochawesome",
        "saveHtml": false,
        "saveJson": true,
        "consoleReporter": "spec",
        "useInlineDiffs": false,
        "code": true
      },
      "version": "7.1.3"
    },
    "marge": {
      "options": {
        "chart": true,
        "overwrite": false,
        "html": false,
        "json": true,
        "reportDir": "cypress/reports"
      },
      "version": "6.2.0"
    }
  }
}