{
  "stats": {
    "suites": 1,
    "tests": 3,
    "passes": 3,
    "pending": 0,
    "failures": 0,
    "start": "2023-02-25T16:44:01.905Z",
    "end": "2023-02-25T16:44:11.349Z",
    "duration": 9444,
    "testsRegistered": 3,
    "passPercent": 100,
    "pendingPercent": 0,
    "other": 0,
    "hasOther": false,
    "skipped": 0,
    "hasSkipped": false
  },
  "results": [
    {
      "uuid": "01546529-a513-4de0-82fb-b713db91aba8",
      "title": "",
      "fullFile": "cypress\\e2e\\login.cy.js",
      "file": "cypress\\e2e\\login.cy.js",
      "beforeHooks": [],
      "afterHooks": [],
      "tests": [],
      "suites": [
        {
          "uuid": "d3f099a5-cb48-4340-8359-8aaab5cdd8a8",
          "title": "Add Category",
          "fullFile": "",
          "file": "",
          "beforeHooks": [],
          "afterHooks": [],
          "tests": [
            {
              "title": "Test LOGIN",
              "fullTitle": "Add Category Test LOGIN",
              "timedOut": null,
              "duration": 2461,
              "state": "passed",
              "speed": "fast",
              "pass": true,
              "fail": false,
              "pending": false,
              "context": null,
              "code": "_login_pages.default.loginsucces();\n_login_pages.default.elements.assertLogin();",
              "err": {},
              "uuid": "b74686cc-3904-475f-8bc1-5230bef4a2db",
              "parentUUID": "d3f099a5-cb48-4340-8359-8aaab5cdd8a8",
              "isHook": false,
              "skipped": false
            },
            {
              "title": "Test Sauce Demo Invalid Password",
              "fullTitle": "Add Category Test Sauce Demo Invalid Password",
              "timedOut": null,
              "duration": 1607,
              "state": "passed",
              "speed": "fast",
              "pass": true,
              "fail": false,
              "pending": false,
              "context": null,
              "code": "_login_pages.default.loginfails();\n_login_pages.default.elements.assertLoginFail();",
              "err": {},
              "uuid": "90223ec9-1b40-4287-a3c6-7d74e4e22a84",
              "parentUUID": "d3f099a5-cb48-4340-8359-8aaab5cdd8a8",
              "isHook": false,
              "skipped": false
            },
            {
              "title": "Test Sauce Demo Sauce labs product backpack",
              "fullTitle": "Add Category Test Sauce Demo Sauce labs product backpack",
              "timedOut": null,
              "duration": 2031,
              "state": "passed",
              "speed": "fast",
              "pass": true,
              "fail": false,
              "pending": false,
              "context": null,
              "code": "_login_pages.default.loginsucces();\n_login_pages.default.elements.assertLogin();\n_dashboardpages.default.sauceLabsBackpack();",
              "err": {},
              "uuid": "59d53682-e96c-4d70-bec9-1ffe3159977d",
              "parentUUID": "d3f099a5-cb48-4340-8359-8aaab5cdd8a8",
              "isHook": false,
              "skipped": false
            }
          ],
          "suites": [],
          "passes": [
            "b74686cc-3904-475f-8bc1-5230bef4a2db",
            "90223ec9-1b40-4287-a3c6-7d74e4e22a84",
            "59d53682-e96c-4d70-bec9-1ffe3159977d"
          ],
          "failures": [],
          "pending": [],
          "skipped": [],
          "duration": 6099,
          "root": false,
          "rootEmpty": false,
          "_timeout": 2000
        }
      ],
      "passes": [],
      "failures": [],
      "pending": [],
      "skipped": [],
      "duration": 0,
      "root": true,
      "rootEmpty": true,
      "_timeout": 2000
    }
  ],
  "meta": {
    "mocha": {
      "version": "7.0.1"
    },
    "mochawesome": {
      "options": {
        "quiet": false,
        "reportFilename": "mochawesome",
        "saveHtml": false,
        "saveJson": true,
        "consoleReporter": "spec",
        "useInlineDiffs": false,
        "code": true
      },
      "version": "7.1.3"
    },
    "marge": {
      "options": {
        "chart": true,
        "overwrite": false,
        "html": false,
        "json": true,
        "reportDir": "cypress/reports"
      },
      "version": "6.2.0"
    }
  }
}