{
  "stats": {
    "suites": 1,
    "tests": 3,
    "passes": 3,
    "pending": 0,
    "failures": 0,
    "start": "2023-02-25T16:07:39.378Z",
    "end": "2023-02-25T16:07:59.193Z",
    "duration": 19815,
    "testsRegistered": 3,
    "passPercent": 100,
    "pendingPercent": 0,
    "other": 0,
    "hasOther": false,
    "skipped": 0,
    "hasSkipped": false
  },
  "results": [
    {
      "uuid": "3624e02e-9dac-48ec-85d5-97b79892aba6",
      "title": "",
      "fullFile": "cypress\\e2e\\login.cy.js",
      "file": "cypress\\e2e\\login.cy.js",
      "beforeHooks": [],
      "afterHooks": [],
      "tests": [],
      "suites": [
        {
          "uuid": "20e6a677-d3cd-41a8-8678-403aad68076f",
          "title": "Add Category",
          "fullFile": "",
          "file": "",
          "beforeHooks": [],
          "afterHooks": [],
          "tests": [
            {
              "title": "Test LOGIN",
              "fullTitle": "Add Category Test LOGIN",
              "timedOut": null,
              "duration": 6363,
              "state": "passed",
              "speed": "medium",
              "pass": true,
              "fail": false,
              "pending": false,
              "context": null,
              "code": "_login_pages.default.loginsucces();\n_login_pages.default.elements.assertLogin();",
              "err": {},
              "uuid": "696356d1-16a5-4e45-98be-7dc96a06f08f",
              "parentUUID": "20e6a677-d3cd-41a8-8678-403aad68076f",
              "isHook": false,
              "skipped": false
            },
            {
              "title": "Test Sauce Demo Invalid Password",
              "fullTitle": "Add Category Test Sauce Demo Invalid Password",
              "timedOut": null,
              "duration": 2813,
              "state": "passed",
              "speed": "fast",
              "pass": true,
              "fail": false,
              "pending": false,
              "context": null,
              "code": "_login_pages.default.loginfails();\n_login_pages.default.elements.assertLoginFail();",
              "err": {},
              "uuid": "6be23ba2-9977-4503-9fe3-5344c4af025c",
              "parentUUID": "20e6a677-d3cd-41a8-8678-403aad68076f",
              "isHook": false,
              "skipped": false
            },
            {
              "title": "Test Sauce Demo Sauce labs product backpack",
              "fullTitle": "Add Category Test Sauce Demo Sauce labs product backpack",
              "timedOut": null,
              "duration": 5573,
              "state": "passed",
              "speed": "medium",
              "pass": true,
              "fail": false,
              "pending": false,
              "context": null,
              "code": "_login_pages.default.loginsucces();\n_login_pages.default.elements.assertLogin();\n_dashboardpages.default.sauceLabsBackpack();",
              "err": {},
              "uuid": "0a6c8b09-0e7d-4bee-b195-a5507c35a04e",
              "parentUUID": "20e6a677-d3cd-41a8-8678-403aad68076f",
              "isHook": false,
              "skipped": false
            }
          ],
          "suites": [],
          "passes": [
            "696356d1-16a5-4e45-98be-7dc96a06f08f",
            "6be23ba2-9977-4503-9fe3-5344c4af025c",
            "0a6c8b09-0e7d-4bee-b195-a5507c35a04e"
          ],
          "failures": [],
          "pending": [],
          "skipped": [],
          "duration": 14749,
          "root": false,
          "rootEmpty": false,
          "_timeout": 2000
        }
      ],
      "passes": [],
      "failures": [],
      "pending": [],
      "skipped": [],
      "duration": 0,
      "root": true,
      "rootEmpty": true,
      "_timeout": 2000
    }
  ],
  "meta": {
    "mocha": {
      "version": "7.0.1"
    },
    "mochawesome": {
      "options": {
        "quiet": false,
        "reportFilename": "mochawesome",
        "saveHtml": false,
        "saveJson": true,
        "consoleReporter": "spec",
        "useInlineDiffs": false,
        "code": true
      },
      "version": "7.1.3"
    },
    "marge": {
      "options": {
        "chart": true,
        "overwrite": false,
        "html": false,
        "json": true,
        "reportDir": "cypress/reports"
      },
      "version": "6.2.0"
    }
  }
}